[debug] [2023-01-06T20:09:04.328Z] ----------------------------------------------------------------------
[debug] [2023-01-06T20:09:04.330Z] Command:       /usr/local/bin/node /usr/local/bin/firebase init
[debug] [2023-01-06T20:09:04.330Z] CLI Version:   11.20.0
[debug] [2023-01-06T20:09:04.330Z] Platform:      linux
[debug] [2023-01-06T20:09:04.330Z] Node Version:  v19.2.0
[debug] [2023-01-06T20:09:04.330Z] Time:          Fri Jan 06 2023 22:09:04 GMT+0200 (Eastern European Standard Time)
[debug] [2023-01-06T20:09:04.331Z] ----------------------------------------------------------------------
[debug] 
[debug] [2023-01-06T20:09:04.335Z] > command requires scopes: ["email","openid","https://www.googleapis.com/auth/cloudplatformprojects.readonly","https://www.googleapis.com/auth/firebase","https://www.googleapis.com/auth/cloud-platform"]
[debug] [2023-01-06T20:09:04.335Z] > authorizing via signed-in user (mohamedfakry009@gmail.com)
[info] 
     ######## #### ########  ######## ########     ###     ######  ########
     ##        ##  ##     ## ##       ##     ##  ##   ##  ##       ##
     ######    ##  ########  ######   ########  #########  ######  ######
     ##        ##  ##    ##  ##       ##     ## ##     ##       ## ##
     ##       #### ##     ## ######## ########  ##     ##  ######  ########

You're about to initialize a Firebase project in this directory:

  /home/xander/Documents/Js_web

[info] 
=== Project Setup
[info] 
[info] First, let's associate this project directory with a Firebase project.
[info] You can create multiple project aliases by running firebase use --add, 
[info] but for now we'll just set up a default project.
[info] 
[debug] [2023-01-06T20:10:37.761Z] >>> [apiv2][query] GET https://firebase.googleapis.com/v1beta1/projects pageSize=100
[debug] [2023-01-06T20:10:38.523Z] <<< [apiv2][status] GET https://firebase.googleapis.com/v1beta1/projects 200
[debug] [2023-01-06T20:10:38.524Z] <<< [apiv2][body] GET https://firebase.googleapis.com/v1beta1/projects [omitted]
[info] i  Using project people-counter-2625b (People Counter) 
[info] 
=== Database Setup
[info] i  database: ensuring required API firebasedatabase.googleapis.com is enabled... 
[debug] [2023-01-06T20:10:41.809Z] >>> [apiv2][query] GET https://serviceusage.googleapis.com/v1/projects/people-counter-2625b/services/firebasedatabase.googleapis.com [none]
[debug] [2023-01-06T20:10:41.809Z] >>> [apiv2][(partial)header] GET https://serviceusage.googleapis.com/v1/projects/people-counter-2625b/services/firebasedatabase.googleapis.com x-goog-quota-user=projects/people-counter-2625b
[debug] [2023-01-06T20:10:42.949Z] <<< [apiv2][status] GET https://serviceusage.googleapis.com/v1/projects/people-counter-2625b/services/firebasedatabase.googleapis.com 200
[debug] [2023-01-06T20:10:42.949Z] <<< [apiv2][body] GET https://serviceusage.googleapis.com/v1/projects/people-counter-2625b/services/firebasedatabase.googleapis.com [omitted]
[warn] ⚠  database: missing required API firebasedatabase.googleapis.com. Enabling now... 
[debug] [2023-01-06T20:10:42.950Z] >>> [apiv2][query] POST https://serviceusage.googleapis.com/v1/projects/people-counter-2625b/services/firebasedatabase.googleapis.com:enable [none]
[debug] [2023-01-06T20:10:42.950Z] >>> [apiv2][(partial)header] POST https://serviceusage.googleapis.com/v1/projects/people-counter-2625b/services/firebasedatabase.googleapis.com:enable x-goog-quota-user=projects/people-counter-2625b
[debug] [2023-01-06T20:10:44.487Z] <<< [apiv2][status] POST https://serviceusage.googleapis.com/v1/projects/people-counter-2625b/services/firebasedatabase.googleapis.com:enable 200
[debug] [2023-01-06T20:10:44.487Z] <<< [apiv2][body] POST https://serviceusage.googleapis.com/v1/projects/people-counter-2625b/services/firebasedatabase.googleapis.com:enable [omitted]
[debug] [2023-01-06T20:10:54.494Z] >>> [apiv2][query] GET https://serviceusage.googleapis.com/v1/projects/people-counter-2625b/services/firebasedatabase.googleapis.com [none]
[debug] [2023-01-06T20:10:54.495Z] >>> [apiv2][(partial)header] GET https://serviceusage.googleapis.com/v1/projects/people-counter-2625b/services/firebasedatabase.googleapis.com x-goog-quota-user=projects/people-counter-2625b
[debug] [2023-01-06T20:10:55.569Z] <<< [apiv2][status] GET https://serviceusage.googleapis.com/v1/projects/people-counter-2625b/services/firebasedatabase.googleapis.com 200
[debug] [2023-01-06T20:10:55.570Z] <<< [apiv2][body] GET https://serviceusage.googleapis.com/v1/projects/people-counter-2625b/services/firebasedatabase.googleapis.com [omitted]
[info] ✔  database: required API firebasedatabase.googleapis.com is enabled 
[info] 
[debug] [2023-01-06T20:10:55.574Z] >>> [apiv2][query] GET https://firebase.googleapis.com/v1beta1/projects/people-counter-2625b [none]
[debug] [2023-01-06T20:10:55.976Z] <<< [apiv2][status] GET https://firebase.googleapis.com/v1beta1/projects/people-counter-2625b 200
[debug] [2023-01-06T20:10:55.977Z] <<< [apiv2][body] GET https://firebase.googleapis.com/v1beta1/projects/people-counter-2625b {"projectId":"people-counter-2625b","projectNumber":"322481872079","displayName":"People Counter","name":"projects/people-counter-2625b","resources":{"hostingSite":"people-counter-2625b"},"state":"ACTIVE","etag":"1_df0d0921-b03b-44af-9e70-2af085a6b53a"}
